Flow report for FinalProject
Fri Nov 29 21:04:47 2013
Quartus II 64-Bit Version 12.1 Build 243 01/31/2013 Service Pack 1 SJ Full Version


---------------------
; Table of Contents ;
---------------------
  1. Legal Notice
  2. Flow Summary
  3. Flow Settings
  4. Flow Non-Default Global Settings
  5. Flow Elapsed Time
  6. Flow OS Summary
  7. Flow Log



----------------
; Legal Notice ;
----------------
Copyright (C) 1991-2012 Altera Corporation
Your use of Altera Corporation's design tools, logic functions 
and other software and tools, and its AMPP partner logic 
functions, and any output files from any of the foregoing 
(including device programming or simulation files), and any 
associated documentation or information are expressly subject 
to the terms and conditions of the Altera Program License 
Subscription Agreement, Altera MegaCore Function License 
Agreement, or other applicable license agreement, including, 
without limitation, that your use is for the sole purpose of 
programming logic devices manufactured by Altera and sold by 
Altera or its authorized distributors.  Please refer to the 
applicable agreement for further details.



+-------------------------------------------------------------------------------------+
; Flow Summary                                                                        ;
+------------------------------------+------------------------------------------------+
; Flow Status                        ; Successful - Fri Nov 29 21:04:47 2013          ;
; Quartus II 64-Bit Version          ; 12.1 Build 243 01/31/2013 SP 1 SJ Full Version ;
; Revision Name                      ; FinalProject                                   ;
; Top-level Entity Name              ; storageFinal                                   ;
; Family                             ; Cyclone II                                     ;
; Device                             ; EP2C35F672C6                                   ;
; Timing Models                      ; Final                                          ;
; Total logic elements               ; 310 / 33,216 ( < 1 % )                         ;
;     Total combinational functions  ; 305 / 33,216 ( < 1 % )                         ;
;     Dedicated logic registers      ; 89 / 33,216 ( < 1 % )                          ;
; Total registers                    ; 89                                             ;
; Total pins                         ; 61 / 475 ( 13 % )                              ;
; Total virtual pins                 ; 0                                              ;
; Total memory bits                  ; 0 / 483,840 ( 0 % )                            ;
; Embedded Multiplier 9-bit elements ; 0 / 70 ( 0 % )                                 ;
; Total PLLs                         ; 0 / 4 ( 0 % )                                  ;
+------------------------------------+------------------------------------------------+


+-----------------------------------------+
; Flow Settings                           ;
+-------------------+---------------------+
; Option            ; Setting             ;
+-------------------+---------------------+
; Start date & time ; 11/29/2013 21:03:38 ;
; Main task         ; Compilation         ;
; Revision Name     ; FinalProject        ;
+-------------------+---------------------+


+--------------------------------------------------------------------------------------------------------------------+
; Flow Non-Default Global Settings                                                                                   ;
+-------------------------------------+------------------------------+---------------+--------------+----------------+
; Assignment Name                     ; Value                        ; Default Value ; Entity Name  ; Section Id     ;
+-------------------------------------+------------------------------+---------------+--------------+----------------+
; COMPILER_SIGNATURE_ID               ; 345050324346.138575901603368 ; --            ; --           ; --             ;
; EDA_OUTPUT_DATA_FORMAT              ; Verilog Hdl                  ; --            ; --           ; eda_simulation ;
; EDA_SIMULATION_TOOL                 ; ModelSim-Altera (Verilog)    ; <None>        ; --           ; --             ;
; EDA_TIME_SCALE                      ; 1 ps                         ; --            ; --           ; eda_simulation ;
; MAX_CORE_JUNCTION_TEMP              ; 85                           ; --            ; --           ; --             ;
; MIN_CORE_JUNCTION_TEMP              ; 0                            ; --            ; --           ; --             ;
; PARTITION_COLOR                     ; 16764057                     ; --            ; storageFinal ; Top            ;
; PARTITION_FITTER_PRESERVATION_LEVEL ; PLACEMENT_AND_ROUTING        ; --            ; storageFinal ; Top            ;
; PARTITION_NETLIST_TYPE              ; SOURCE                       ; --            ; storageFinal ; Top            ;
; TOP_LEVEL_ENTITY                    ; storageFinal                 ; FinalProject  ; --           ; --             ;
+-------------------------------------+------------------------------+---------------+--------------+----------------+


+-------------------------------------------------------------------------------------------------------------------------------+
; Flow Elapsed Time                                                                                                             ;
+---------------------------+--------------+-------------------------+---------------------+------------------------------------+
; Module Name               ; Elapsed Time ; Average Processors Used ; Peak Virtual Memory ; Total CPU Time (on all processors) ;
+---------------------------+--------------+-------------------------+---------------------+------------------------------------+
; Analysis & Synthesis      ; 00:00:15     ; 1.0                     ; 439 MB              ; 00:00:05                           ;
; Fitter                    ; 00:00:22     ; 1.5                     ; 779 MB              ; 00:00:15                           ;
; Assembler                 ; 00:00:13     ; 1.0                     ; 426 MB              ; 00:00:03                           ;
; TimeQuest Timing Analyzer ; 00:00:11     ; 1.0                     ; 415 MB              ; 00:00:02                           ;
; EDA Netlist Writer        ; 00:00:11     ; 1.0                     ; 380 MB              ; 00:00:01                           ;
; Total                     ; 00:01:12     ; --                      ; --                  ; 00:00:26                           ;
+---------------------------+--------------+-------------------------+---------------------+------------------------------------+


+----------------------------------------------------------------------------------------+
; Flow OS Summary                                                                        ;
+---------------------------+------------------+-----------+------------+----------------+
; Module Name               ; Machine Hostname ; OS Name   ; OS Version ; Processor type ;
+---------------------------+------------------+-----------+------------+----------------+
; Analysis & Synthesis      ; VD-08            ; Windows 7 ; 6.1        ; x86_64         ;
; Fitter                    ; VD-08            ; Windows 7 ; 6.1        ; x86_64         ;
; Assembler                 ; VD-08            ; Windows 7 ; 6.1        ; x86_64         ;
; TimeQuest Timing Analyzer ; VD-08            ; Windows 7 ; 6.1        ; x86_64         ;
; EDA Netlist Writer        ; VD-08            ; Windows 7 ; 6.1        ; x86_64         ;
+---------------------------+------------------+-----------+------------+----------------+


------------
; Flow Log ;
------------
quartus_map --read_settings_files=on --write_settings_files=off FinalProject -c FinalProject
quartus_fit --read_settings_files=off --write_settings_files=off FinalProject -c FinalProject
quartus_asm --read_settings_files=off --write_settings_files=off FinalProject -c FinalProject
quartus_sta FinalProject -c FinalProject
quartus_eda --read_settings_files=off --write_settings_files=off FinalProject -c FinalProject



